<?xml version="1.0" encoding="UTF-8"?>
<!-- Generated by org.testng.reporters.JUnitReportReporter -->
<testsuite skipped="0" hostname="LAPTOP-H38VGSI7" name="tests.MainPageTests" tests="2" failures="0" timestamp="2020-11-12T10:16:06 EST" time="16.341" errors="0">
  <testcase name="runButtonTest" time="7.376" classname="tests.MainPageTests"/>
  <system-out/>
  <testcase name="shareButtonTest" time="8.965" classname="tests.MainPageTests"/>
  <system-out/>
</testsuite> <!-- tests.MainPageTests -->
