<?xml version="1.0" encoding="UTF-8"?>
<!-- Generated by org.testng.reporters.JUnitReportReporter -->
<testsuite skipped="0" hostname="LAPTOP-H38VGSI7" name="tests.CarRentalPageTests" tests="2" failures="0" timestamp="2020-08-07T22:15:05 PDT" time="117.629" errors="0">
  <testcase name="fcarRentPaymentPageWithdataProvider" time="57.812" classname="tests.CarRentalPageTests"/>
  <system-out/>
  <testcase name="fcarRentPaymentPageWithdataProvider" time="59.817" classname="tests.CarRentalPageTests"/>
  <system-out/>
</testsuite> <!-- tests.CarRentalPageTests -->
