<?xml version="1.0" encoding="UTF-8"?>
<!-- Generated by org.testng.reporters.JUnitReportReporter -->
<testsuite skipped="0" hostname="DESKTOP-BF7VKB6" name="tests.MainPageTests" tests="1" failures="0" timestamp="2020-08-06T00:52:58 EDT" time="33.092" errors="0">
  <testcase name="successfulMoveToHotelsPage" time="33.092" classname="tests.MainPageTests"/>
  <system-out/>
</testsuite> <!-- tests.MainPageTests -->
