<?xml version="1.0" encoding="UTF-8"?>
<!-- Generated by org.testng.reporters.JUnitReportReporter -->
<testsuite skipped="0" hostname="LAPTOP-H38VGSI7" name="tests.VacationRentalsTests" tests="2" failures="0" timestamp="2020-08-07T22:07:28 PDT" time="42.413" errors="0">
  <testcase name="successfulRentalsSearch" time="29.183" classname="tests.VacationRentalsTests"/>
  <system-out/>
  <testcase name="successfulMoveToVacationRentalsPage" time="13.230" classname="tests.VacationRentalsTests"/>
  <system-out/>
</testsuite> <!-- tests.VacationRentalsTests -->
