<?xml version="1.0" encoding="UTF-8"?>
<!-- Generated by org.testng.reporters.JUnitReportReporter -->
<testsuite skipped="0" hostname="DESKTOP-M3RHC8G" name="tests.VacationRentalsTests" tests="2" failures="0" timestamp="2020-08-07T19:16:24 EDT" time="56.199" errors="0">
  <testcase name="successfulRentalsSearch" time="34.291" classname="tests.VacationRentalsTests"/>
  <system-out/>
  <testcase name="successfulMoveToVacationRentalsPage" time="21.908" classname="tests.VacationRentalsTests"/>
  <system-out/>
</testsuite> <!-- tests.VacationRentalsTests -->
