<?xml version="1.0" encoding="UTF-8"?>
<!-- Generated by org.testng.reporters.JUnitReportReporter -->
<testsuite skipped="0" hostname="JULIA-LAPTOP" name="tests.MainPageTests" tests="3" failures="0" timestamp="2020-07-31T23:16:15 EDT" time="94.857" errors="0">
  <testcase name="successfulMoveToFlightsPage" time="41.330" classname="tests.MainPageTests"/>
  <system-out/>
  <testcase name="successfulMoveToCarRenetalPage" time="27.407" classname="tests.MainPageTests"/>
  <system-out/>
  <testcase name="rentingACarTest1" time="26.120" classname="tests.MainPageTests"/>
  <system-out/>
</testsuite> <!-- tests.MainPageTests -->
