<?xml version="1.0" encoding="UTF-8"?>
<!-- Generated by org.testng.reporters.JUnitReportReporter -->
<testsuite skipped="0" hostname="DESKTOP-M3RHC8G" name="tests.TravelDealsTests" tests="1" failures="0" timestamp="2020-08-05T18:42:21 EDT" time="25.013" errors="0">
  <testcase name="succesfulMoveToTravelDealsPage" time="25.013" classname="tests.TravelDealsTests"/>
  <system-out/>
</testsuite> <!-- tests.TravelDealsTests -->
