<?xml version="1.0" encoding="UTF-8"?>
<!-- Generated by org.testng.reporters.JUnitReportReporter -->
<testsuite skipped="0" hostname="LAPTOP-H38VGSI7" name="tests.VacationRentalsTests" tests="2" failures="0" timestamp="2020-08-07T14:03:48 PDT" time="35.148" errors="0">
  <testcase name="successfulRentalsSearch" time="28.317" classname="tests.VacationRentalsTests"/>
  <system-out/>
  <testcase name="successfulMoveToVacationRentalsPage" time="6.831" classname="tests.VacationRentalsTests"/>
  <system-out/>
</testsuite> <!-- tests.VacationRentalsTests -->
