<?xml version="1.0" encoding="UTF-8"?>
<!-- Generated by org.testng.reporters.JUnitReportReporter -->
<<<<<<< HEAD
<testsuite skipped="0" hostname="DESKTOP-M3RHC8G" name="tests.VacationRentalsTests" tests="2" failures="0" timestamp="2020-08-07T19:16:24 EDT" time="56.199" errors="0">
  <testcase name="successfulRentalsSearch" time="34.291" classname="tests.VacationRentalsTests"/>
  <system-out/>
  <testcase name="successfulMoveToVacationRentalsPage" time="21.908" classname="tests.VacationRentalsTests"/>
=======
<testsuite skipped="0" hostname="LAPTOP-H38VGSI7" name="tests.VacationRentalsTests" tests="2" failures="0" timestamp="2020-08-07T14:03:48 PDT" time="35.148" errors="0">
  <testcase name="successfulRentalsSearch" time="28.317" classname="tests.VacationRentalsTests"/>
  <system-out/>
  <testcase name="successfulMoveToVacationRentalsPage" time="6.831" classname="tests.VacationRentalsTests"/>
>>>>>>> 7977cab43ed8a0868dd3c05b741244178d5c8749
  <system-out/>
</testsuite> <!-- tests.VacationRentalsTests -->
