<?xml version="1.0" encoding="UTF-8"?>
<!-- Generated by org.testng.reporters.JUnitReportReporter -->
<testsuite skipped="0" hostname="LAPTOP-H38VGSI7" name="tests.MobilePageTests" tests="1" failures="0" timestamp="2020-08-07T22:07:28 PDT" time="13.378" errors="0">
  <testcase name="mobileTabTest" time="13.378" classname="tests.MobilePageTests"/>
  <system-out/>
</testsuite> <!-- tests.MobilePageTests -->
