<?xml version="1.0" encoding="UTF-8"?>
<!-- Generated by org.testng.reporters.JUnitReportReporter -->
<testsuite skipped="0" hostname="DESKTOP-M3RHC8G" name="tests.MobilePageTest" tests="1" failures="0" timestamp="2020-08-07T00:24:19 EDT" time="13.408" errors="0">
  <testcase name="mobileTabTest" time="13.408" classname="tests.MobilePageTest"/>
  <system-out/>
</testsuite> <!-- tests.MobilePageTest -->
