<?xml version="1.0" encoding="UTF-8"?>
<!-- Generated by org.testng.reporters.JUnitReportReporter -->
<testsuite skipped="0" hostname="DESKTOP-M3RHC8G" name="tests.VacationRentalsTest" tests="1" failures="0" timestamp="2020-08-02T09:39:18 EDT" time="65.294" errors="0">
  <testcase name="successfulRentalsSearch" time="65.294" classname="tests.VacationRentalsTest"/>
  <system-out/>
</testsuite> <!-- tests.VacationRentalsTest -->
