<?xml version="1.0" encoding="UTF-8"?>
<!-- Generated by org.testng.reporters.JUnitReportReporter -->
<testsuite skipped="0" hostname="LAPTOP-H38VGSI7" name="tests.MainPageTests" tests="1" failures="0" timestamp="2020-08-07T19:09:21 PDT" time="81.827" errors="0">
  <testcase name="travelInspirationlinks" time="81.827" classname="tests.MainPageTests"/>
  <system-out/>
</testsuite> <!-- tests.MainPageTests -->
