<?xml version="1.0" encoding="UTF-8"?>
<!-- Generated by org.testng.reporters.JUnitReportReporter -->
<testsuite skipped="0" hostname="LAPTOP-H38VGSI7" name="tests.LoginPageTests" tests="1" failures="0" timestamp="2020-08-13T22:55:13 PDT" time="10.847" errors="0">
  <testcase name="negativeLogin3" time="10.847" classname="tests.LoginPageTests"/>
  <system-out/>
</testsuite> <!-- tests.LoginPageTests -->
