<?xml version="1.0" encoding="UTF-8"?>
<!-- Generated by org.testng.reporters.JUnitReportReporter -->
<testsuite skipped="0" hostname="LAPTOP-H38VGSI7" name="tests.MainPageTests" tests="1" failures="0" timestamp="2020-08-07T01:15:38 PDT" time="82.693" errors="0">
  <testcase name="travelInspirationlinks" time="82.693" classname="tests.MainPageTests"/>
  <system-out/>
</testsuite> <!-- tests.MainPageTests -->
