<?xml version="1.0" encoding="UTF-8"?>
<!-- Generated by org.testng.reporters.JUnitReportReporter -->
<testsuite skipped="0" hostname="JULIA-LAPTOP" name="tests.MainPageTests" tests="5" failures="0" timestamp="2020-08-01T16:54:57 EDT" time="179.573" errors="0">
  <testcase name="successfulMoveToCarRenetalPage" time="27.947" classname="tests.MainPageTests"/>
  <system-out/>
  <testcase name="successfulMoveToFlightsPage" time="43.074" classname="tests.MainPageTests"/>
  <system-out/>
  <testcase name="checkCarRentalPricesOrder1" time="34.781" classname="tests.MainPageTests"/>
  <system-out/>
  <testcase name="bookAFlightTest1" time="56.820" classname="tests.MainPageTests"/>
  <system-out/>
  <testcase name="negativeLogin2" time="16.951" classname="tests.MainPageTests"/>
  <system-out/>
</testsuite> <!-- tests.MainPageTests -->
